#
# A fatal error has been detected by the Java Runtime Environment:
#
#  Internal Error (javaClasses.cpp:136), pid=6884, tid=1552
#  fatal error: Invalid layout of preloaded class
#
# JRE version:  (7.0_40-b43) (build )
# Java VM: Java HotSpot(TM) 64-Bit Server VM (24.0-b56 mixed mode windows-amd64 compressed oops)
# Failed to write core dump. Minidumps are not enabled by default on client versions of Windows
#
# If you would like to submit a bug report, please visit:
#   http://bugreport.sun.com/bugreport/crash.jsp
#

---------------  T H R E A D  ---------------

Current thread (0x000000000245e000):  JavaThread "Unknown thread" [_thread_in_vm, id=1552, stack(0x00000000027d0000,0x00000000028d0000)]

Stack: [0x00000000027d0000,0x00000000028d0000]

---------------  P R O C E S S  ---------------

Java Threads: ( => current thread )

Other Threads:

=>0x000000000245e000 (exited) JavaThread "Unknown thread" [_thread_in_vm, id=1552, stack(0x00000000027d0000,0x00000000028d0000)]

VM state:not at safepoint (not fully initialized)

VM Mutex/Monitor currently owned by a thread: None

GC Heap History (0 events):
No events

Deoptimization events (0 events):
No events

Internal exceptions (0 events):
No events

Events (10 events):
Event: 0.465 loading class 0x00000000024dcc60 done
Event: 0.465 loading class 0x00000000024dc680 done
Event: 0.465 loading class 0x00000000024dc660
Event: 0.495 loading class 0x00000000024e4760
Event: 0.495 loading class 0x00000000024e4760 done
Event: 0.495 loading class 0x00000000024e4790
Event: 0.495 loading class 0x00000000024e4790 done
Event: 0.495 loading class 0x00000000024e47c0
Event: 0.495 loading class 0x00000000024e47c0 done
Event: 0.495 loading class 0x00000000024dc660 done


Dynamic libraries:
0x000000013f320000 - 0x000000013f353000 	C:\Program Files\Java\jre7\bin\javaw.exe
0x00000000779b0000 - 0x0000000077b59000 	C:\windows\SYSTEM32\ntdll.dll
0x0000000071350000 - 0x000000007139e000 	C:\Program Files\AVAST Software\Avast\snxhk64.dll
0x0000000077890000 - 0x00000000779af000 	C:\windows\system32\KERNEL32.dll
0x000007fefdab0000 - 0x000007fefdb1b000 	C:\windows\system32\KERNELBASE.dll
0x000007fefdbc0000 - 0x000007fefdc9b000 	C:\windows\system32\ADVAPI32.dll
0x000007fefe7f0000 - 0x000007fefe88f000 	C:\windows\system32\msvcrt.dll
0x000007fefe450000 - 0x000007fefe46f000 	C:\windows\SYSTEM32\sechost.dll
0x000007fefe640000 - 0x000007fefe76d000 	C:\windows\system32\RPCRT4.dll
0x0000000077790000 - 0x000000007788a000 	C:\windows\system32\USER32.dll
0x000007fefe770000 - 0x000007fefe7d7000 	C:\windows\system32\GDI32.dll
0x000007fefe510000 - 0x000007fefe51e000 	C:\windows\system32\LPK.dll
0x000007fefee60000 - 0x000007fefef29000 	C:\windows\system32\USP10.dll
0x000007fefc1c0000 - 0x000007fefc3b4000 	C:\windows\WinSxS\amd64_microsoft.windows.common-controls_6595b64144ccf1df_6.0.7601.17514_none_fa396087175ac9ac\COMCTL32.dll
0x000007fefe520000 - 0x000007fefe591000 	C:\windows\system32\SHLWAPI.dll
0x000007fefe170000 - 0x000007fefe19e000 	C:\windows\system32\IMM32.DLL
0x000007fefea70000 - 0x000007fefeb79000 	C:\windows\system32\MSCTF.dll
0x000007fefd760000 - 0x000007fefd78f000 	C:\windows\system32\nvinitx.dll
0x0000000061850000 - 0x0000000061921000 	C:\Program Files\Java\jre7\bin\msvcr100.dll
0x000000005f920000 - 0x00000000600e9000 	C:\Program Files\Java\jre7\bin\server\jvm.dll
0x000007fef04b0000 - 0x000007fef04b9000 	C:\windows\system32\WSOCK32.dll
0x000007fefeb80000 - 0x000007fefebcd000 	C:\windows\system32\WS2_32.dll
0x000007fefe7e0000 - 0x000007fefe7e8000 	C:\windows\system32\NSI.dll
0x000007fefa110000 - 0x000007fefa14b000 	C:\windows\system32\WINMM.dll
0x0000000077b70000 - 0x0000000077b77000 	C:\windows\system32\PSAPI.DLL
0x000000006fed0000 - 0x000000006fedf000 	C:\Program Files\Java\jre7\bin\verify.dll
0x0000000061820000 - 0x0000000061848000 	C:\Program Files\Java\jre7\bin\java.dll
0x0000000061800000 - 0x0000000061815000 	C:\Program Files\Java\jre7\bin\zip.dll

VM Arguments:
jvm_args: -Dfile.encoding=Cp1252 -Xbootclasspath:C:\android\sdk\platforms\android-18\android.jar 
java_command: control.Teste
Launcher Type: SUN_STANDARD

Environment Variables:
PATH=C:/Program Files/Java/jdk1.7.0_40/bin/../jre/bin/server;C:/Program Files/Java/jdk1.7.0_40/bin/../jre/bin;C:/Program Files/Java/jdk1.7.0_40/bin/../jre/lib/amd64;C:\Program Files (x86)\NVIDIA Corporation\PhysX\Common;C:\Program Files\Java\jdk1.7.0_40\bin;C:\Python27;C:\Program Files (x86)\Intel\iCLS Client\;C:\Program Files\Intel\iCLS Client\;C:\Program Files\Common Files\Microsoft Shared\Windows Live;C:\Program Files (x86)\Common Files\Microsoft Shared\Windows Live;C:\windows\system32;C:\windows;C:\windows\System32\Wbem;C:\windows\System32\WindowsPowerShell\v1.0\;C:\Program Files (x86)\Windows Live\Shared;;C:\Program Files\Intel\Intel(R) Management Engine Components\DAL;C:\Program Files\Intel\Intel(R) Management Engine Components\IPT;C:\Program Files (x86)\Intel\Intel(R) Management Engine Components\DAL;C:\Program Files (x86)\Intel\Intel(R) Management Engine Components\IPT;C:\Program Files (x86)\Intel\OpenCL SDK\2.0\bin\x86;C:\Program Files (x86)\Intel\OpenCL SDK\2.0\bin\x64;C:\Program Files (x86)\Common Files\Adobe\AGL;C:\Program Files (x86)\MySQL\MySQL Utilities 1.3.4\;.;;C:\android\eclipse;;.;
USERNAME=Asus
OS=Windows_NT
PROCESSOR_IDENTIFIER=Intel64 Family 6 Model 58 Stepping 9, GenuineIntel



---------------  S Y S T E M  ---------------

OS: Windows 7 , 64 bit Build 7601 Service Pack 1

CPU:total 4 (2 cores per cpu, 2 threads per core) family 6 model 58 stepping 9, cmov, cx8, fxsr, mmx, sse, sse2, sse3, ssse3, sse4.1, sse4.2, popcnt, avx, aes, erms, ht, tsc, tscinvbit, tscinv

Memory: 4k page, physical 6174188k(1770360k free), swap 12346516k(7589692k free)

vm_info: Java HotSpot(TM) 64-Bit Server VM (24.0-b56) for windows-amd64 JRE (1.7.0_40-b43), built on Aug 26 2013 22:38:32 by "java_re" with unknown MS VC++:1600

time: Sun Oct 06 14:33:46 2013
elapsed time: 0 seconds

